<?xml version="1.0" encoding="UTF-8"?>
<testng-results ignored="0" total="1" passed="0" failed="1" skipped="0">
  <reporter-output>
  </reporter-output>
  <suite started-at="2025-07-24T15:50:09 CEST" name="Default suite" finished-at="2025-07-24T15:50:22 CEST" duration-ms="13393">
    <groups>
      <group name="cucumber">
        <method signature="AbstractTestNGCucumberTests.runScenario(io.cucumber.testng.PickleWrapper,io.cucumber.testng.FeatureWrapper)[pri:0, instance:runner.TestRunner@40005471]" name="runScenario" class="io.cucumber.testng.AbstractTestNGCucumberTests"/>
      </group> <!-- cucumber -->
    </groups>
    <test started-at="2025-07-24T15:50:09 CEST" name="Default test" finished-at="2025-07-24T15:50:22 CEST" duration-ms="13393">
      <class name="runner.TestRunner">
        <test-method is-config="true" signature="setUpClass(org.testng.ITestContext)[pri:0, instance:runner.TestRunner@40005471]" started-at="2025-07-24T15:50:09 CEST" name="setUpClass" finished-at="2025-07-24T15:50:10 CEST" duration-ms="728" status="PASS">
          <params>
            <param index="0">
              <value>
                <![CDATA[org.testng.TestRunner@bc042d5]]>
              </value>
            </param>
          </params>
          <reporter-output>
          </reporter-output>
        </test-method> <!-- setUpClass -->
        <test-method signature="runScenario(io.cucumber.testng.PickleWrapper,io.cucumber.testng.FeatureWrapper)[pri:0, instance:runner.TestRunner@40005471]" started-at="2025-07-24T15:50:10 CEST" name="runScenario" description="Runs Cucumber Scenarios" data-provider="scenarios" finished-at="2025-07-24T15:50:22 CEST" duration-ms="12487" status="FAIL">
          <params>
            <param index="0">
              <value>
                <![CDATA["Only homepage check"]]>
              </value>
            </param>
            <param index="1">
              <value>
                <![CDATA["Basic Navigation"]]>
              </value>
            </param>
          </params>
          <exception class="java.lang.AssertionError">
            <message>
              <![CDATA[Not redirected to Signup/login  page expected [true] but found [false]]]>
            </message>
            <full-stacktrace>
              <![CDATA[java.lang.AssertionError: Not redirected to Signup/login  page expected [true] but found [false]
at org.testng.Assert.fail(Assert.java:111)
at org.testng.Assert.failNotEquals(Assert.java:1590)
at org.testng.Assert.assertTrue(Assert.java:57)
at stepdefinitions.RegisterUISteps.clickSignup_button(RegisterUISteps.java:30)
at âœ½.the user clicks the "Signup / Login" button(file:///Users/ozgemevademiroz/eclipse-workspace/ecom-ui-api-tests/src/test/resources/features/register_ui.feature:6)
]]>
            </full-stacktrace>
          </exception> <!-- java.lang.AssertionError -->
          <reporter-output>
          </reporter-output>
        </test-method> <!-- runScenario -->
        <test-method is-config="true" signature="tearDownClass()[pri:0, instance:runner.TestRunner@40005471]" started-at="2025-07-24T15:50:22 CEST" name="tearDownClass" finished-at="2025-07-24T15:50:22 CEST" duration-ms="76" status="PASS">
          <reporter-output>
          </reporter-output>
        </test-method> <!-- tearDownClass -->
      </class> <!-- runner.TestRunner -->
    </test> <!-- Default test -->
  </suite> <!-- Default suite -->
</testng-results>
